<?xml version="1.0" encoding="UTF-8"?>
<testsuite xmlns:xsi="http://www.w3.org/2001/XMLSchema-instance" xsi:noNamespaceSchemaLocation="https://maven.apache.org/surefire/maven-surefire-plugin/xsd/surefire-test-report.xsd" name="com.briup.apps.zhaopin.ZhaopinApplicationTests" time="11.593" tests="1" errors="0" skipped="0" failures="0">
  <properties>
    <property name="sun.desktop" value="windows"/>
    <property name="awt.toolkit" value="sun.awt.windows.WToolkit"/>
    <property name="java.specification.version" value="12"/>
    <property name="sun.cpu.isalist" value="amd64"/>
    <property name="sun.jnu.encoding" value="GBK"/>
    <property name="java.class.path" value="C:\Users\SexLove\Desktop\zhaopin\target\test-classes;C:\Users\SexLove\Desktop\zhaopin\target\classes;D:\Briup\MavenRepository\org\springframework\boot\spring-boot-starter-web\2.1.5.RELEASE\spring-boot-starter-web-2.1.5.RELEASE.jar;D:\Briup\MavenRepository\org\springframework\boot\spring-boot-starter\2.1.5.RELEASE\spring-boot-starter-2.1.5.RELEASE.jar;D:\Briup\MavenRepository\org\springframework\boot\spring-boot-starter-logging\2.1.5.RELEASE\spring-boot-starter-logging-2.1.5.RELEASE.jar;D:\Briup\MavenRepository\ch\qos\logback\logback-classic\1.2.3\logback-classic-1.2.3.jar;D:\Briup\MavenRepository\ch\qos\logback\logback-core\1.2.3\logback-core-1.2.3.jar;D:\Briup\MavenRepository\org\apache\logging\log4j\log4j-to-slf4j\2.11.2\log4j-to-slf4j-2.11.2.jar;D:\Briup\MavenRepository\org\apache\logging\log4j\log4j-api\2.11.2\log4j-api-2.11.2.jar;D:\Briup\MavenRepository\org\slf4j\jul-to-slf4j\1.7.26\jul-to-slf4j-1.7.26.jar;D:\Briup\MavenRepository\javax\annotation\javax.annotation-api\1.3.2\javax.annotation-api-1.3.2.jar;D:\Briup\MavenRepository\org\yaml\snakeyaml\1.23\snakeyaml-1.23.jar;D:\Briup\MavenRepository\org\springframework\boot\spring-boot-starter-json\2.1.5.RELEASE\spring-boot-starter-json-2.1.5.RELEASE.jar;D:\Briup\MavenRepository\com\fasterxml\jackson\core\jackson-databind\2.9.8\jackson-databind-2.9.8.jar;D:\Briup\MavenRepository\com\fasterxml\jackson\core\jackson-core\2.9.8\jackson-core-2.9.8.jar;D:\Briup\MavenRepository\com\fasterxml\jackson\datatype\jackson-datatype-jdk8\2.9.8\jackson-datatype-jdk8-2.9.8.jar;D:\Briup\MavenRepository\com\fasterxml\jackson\datatype\jackson-datatype-jsr310\2.9.8\jackson-datatype-jsr310-2.9.8.jar;D:\Briup\MavenRepository\com\fasterxml\jackson\module\jackson-module-parameter-names\2.9.8\jackson-module-parameter-names-2.9.8.jar;D:\Briup\MavenRepository\org\springframework\boot\spring-boot-starter-tomcat\2.1.5.RELEASE\spring-boot-starter-tomcat-2.1.5.RELEASE.jar;D:\Briup\MavenRepository\org\apache\tomcat\embed\tomcat-embed-core\9.0.19\tomcat-embed-core-9.0.19.jar;D:\Briup\MavenRepository\org\apache\tomcat\embed\tomcat-embed-el\9.0.19\tomcat-embed-el-9.0.19.jar;D:\Briup\MavenRepository\org\apache\tomcat\embed\tomcat-embed-websocket\9.0.19\tomcat-embed-websocket-9.0.19.jar;D:\Briup\MavenRepository\org\hibernate\validator\hibernate-validator\6.0.16.Final\hibernate-validator-6.0.16.Final.jar;D:\Briup\MavenRepository\javax\validation\validation-api\2.0.1.Final\validation-api-2.0.1.Final.jar;D:\Briup\MavenRepository\org\jboss\logging\jboss-logging\3.3.2.Final\jboss-logging-3.3.2.Final.jar;D:\Briup\MavenRepository\org\springframework\spring-web\5.1.7.RELEASE\spring-web-5.1.7.RELEASE.jar;D:\Briup\MavenRepository\org\springframework\spring-beans\5.1.7.RELEASE\spring-beans-5.1.7.RELEASE.jar;D:\Briup\MavenRepository\org\springframework\spring-webmvc\5.1.7.RELEASE\spring-webmvc-5.1.7.RELEASE.jar;D:\Briup\MavenRepository\org\springframework\spring-aop\5.1.7.RELEASE\spring-aop-5.1.7.RELEASE.jar;D:\Briup\MavenRepository\org\springframework\spring-context\5.1.7.RELEASE\spring-context-5.1.7.RELEASE.jar;D:\Briup\MavenRepository\org\springframework\spring-expression\5.1.7.RELEASE\spring-expression-5.1.7.RELEASE.jar;D:\Briup\MavenRepository\org\springframework\boot\spring-boot-devtools\2.1.5.RELEASE\spring-boot-devtools-2.1.5.RELEASE.jar;D:\Briup\MavenRepository\org\springframework\boot\spring-boot\2.1.5.RELEASE\spring-boot-2.1.5.RELEASE.jar;D:\Briup\MavenRepository\org\springframework\boot\spring-boot-autoconfigure\2.1.5.RELEASE\spring-boot-autoconfigure-2.1.5.RELEASE.jar;D:\Briup\MavenRepository\org\springframework\boot\spring-boot-starter-test\2.1.5.RELEASE\spring-boot-starter-test-2.1.5.RELEASE.jar;D:\Briup\MavenRepository\org\springframework\boot\spring-boot-test\2.1.5.RELEASE\spring-boot-test-2.1.5.RELEASE.jar;D:\Briup\MavenRepository\org\springframework\boot\spring-boot-test-autoconfigure\2.1.5.RELEASE\spring-boot-test-autoconfigure-2.1.5.RELEASE.jar;D:\Briup\MavenRepository\com\jayway\jsonpath\json-path\2.4.0\json-path-2.4.0.jar;D:\Briup\MavenRepository\net\minidev\json-smart\2.3\json-smart-2.3.jar;D:\Briup\MavenRepository\net\minidev\accessors-smart\1.2\accessors-smart-1.2.jar;D:\Briup\MavenRepository\org\ow2\asm\asm\5.0.4\asm-5.0.4.jar;D:\Briup\MavenRepository\junit\junit\4.12\junit-4.12.jar;D:\Briup\MavenRepository\org\assertj\assertj-core\3.11.1\assertj-core-3.11.1.jar;D:\Briup\MavenRepository\org\mockito\mockito-core\2.23.4\mockito-core-2.23.4.jar;D:\Briup\MavenRepository\net\bytebuddy\byte-buddy\1.9.12\byte-buddy-1.9.12.jar;D:\Briup\MavenRepository\net\bytebuddy\byte-buddy-agent\1.9.12\byte-buddy-agent-1.9.12.jar;D:\Briup\MavenRepository\org\objenesis\objenesis\2.6\objenesis-2.6.jar;D:\Briup\MavenRepository\org\hamcrest\hamcrest-core\1.3\hamcrest-core-1.3.jar;D:\Briup\MavenRepository\org\hamcrest\hamcrest-library\1.3\hamcrest-library-1.3.jar;D:\Briup\MavenRepository\org\skyscreamer\jsonassert\1.5.0\jsonassert-1.5.0.jar;D:\Briup\MavenRepository\org\springframework\spring-core\5.1.7.RELEASE\spring-core-5.1.7.RELEASE.jar;D:\Briup\MavenRepository\org\springframework\spring-jcl\5.1.7.RELEASE\spring-jcl-5.1.7.RELEASE.jar;D:\Briup\MavenRepository\org\springframework\spring-test\5.1.7.RELEASE\spring-test-5.1.7.RELEASE.jar;D:\Briup\MavenRepository\org\xmlunit\xmlunit-core\2.6.2\xmlunit-core-2.6.2.jar;D:\Briup\MavenRepository\javax\xml\bind\jaxb-api\2.3.1\jaxb-api-2.3.1.jar;D:\Briup\MavenRepository\javax\activation\javax.activation-api\1.2.0\javax.activation-api-1.2.0.jar;D:\Briup\MavenRepository\io\springfox\springfox-swagger2\2.6.1\springfox-swagger2-2.6.1.jar;D:\Briup\MavenRepository\io\swagger\swagger-annotations\1.5.10\swagger-annotations-1.5.10.jar;D:\Briup\MavenRepository\io\swagger\swagger-models\1.5.10\swagger-models-1.5.10.jar;D:\Briup\MavenRepository\com\fasterxml\jackson\core\jackson-annotations\2.9.0\jackson-annotations-2.9.0.jar;D:\Briup\MavenRepository\io\springfox\springfox-spi\2.6.1\springfox-spi-2.6.1.jar;D:\Briup\MavenRepository\io\springfox\springfox-core\2.6.1\springfox-core-2.6.1.jar;D:\Briup\MavenRepository\io\springfox\springfox-schema\2.6.1\springfox-schema-2.6.1.jar;D:\Briup\MavenRepository\io\springfox\springfox-swagger-common\2.6.1\springfox-swagger-common-2.6.1.jar;D:\Briup\MavenRepository\io\springfox\springfox-spring-web\2.6.1\springfox-spring-web-2.6.1.jar;D:\Briup\MavenRepository\com\google\guava\guava\18.0\guava-18.0.jar;D:\Briup\MavenRepository\com\fasterxml\classmate\1.4.0\classmate-1.4.0.jar;D:\Briup\MavenRepository\org\slf4j\slf4j-api\1.7.26\slf4j-api-1.7.26.jar;D:\Briup\MavenRepository\org\springframework\plugin\spring-plugin-core\1.2.0.RELEASE\spring-plugin-core-1.2.0.RELEASE.jar;D:\Briup\MavenRepository\org\springframework\plugin\spring-plugin-metadata\1.2.0.RELEASE\spring-plugin-metadata-1.2.0.RELEASE.jar;D:\Briup\MavenRepository\org\mapstruct\mapstruct\1.0.0.Final\mapstruct-1.0.0.Final.jar;D:\Briup\MavenRepository\io\springfox\springfox-swagger-ui\2.6.1\springfox-swagger-ui-2.6.1.jar;D:\Briup\MavenRepository\mysql\mysql-connector-java\8.0.16\mysql-connector-java-8.0.16.jar;D:\Briup\MavenRepository\org\mybatis\spring\boot\mybatis-spring-boot-starter\1.3.2\mybatis-spring-boot-starter-1.3.2.jar;D:\Briup\MavenRepository\org\springframework\boot\spring-boot-starter-jdbc\2.1.5.RELEASE\spring-boot-starter-jdbc-2.1.5.RELEASE.jar;D:\Briup\MavenRepository\com\zaxxer\HikariCP\3.2.0\HikariCP-3.2.0.jar;D:\Briup\MavenRepository\org\springframework\spring-jdbc\5.1.7.RELEASE\spring-jdbc-5.1.7.RELEASE.jar;D:\Briup\MavenRepository\org\springframework\spring-tx\5.1.7.RELEASE\spring-tx-5.1.7.RELEASE.jar;D:\Briup\MavenRepository\org\mybatis\spring\boot\mybatis-spring-boot-autoconfigure\1.3.2\mybatis-spring-boot-autoconfigure-1.3.2.jar;D:\Briup\MavenRepository\org\mybatis\mybatis\3.4.6\mybatis-3.4.6.jar;D:\Briup\MavenRepository\org\mybatis\mybatis-spring\1.3.2\mybatis-spring-1.3.2.jar;D:\Briup\MavenRepository\com\vaadin\external\google\android-json\0.0.20131108.vaadin1\android-json-0.0.20131108.vaadin1.jar;D:\Briup\MavenRepository\net\sf\json-lib\json-lib\2.4\json-lib-2.4-jdk15.jar;D:\Briup\MavenRepository\commons-beanutils\commons-beanutils\1.8.0\commons-beanutils-1.8.0.jar;D:\Briup\MavenRepository\commons-collections\commons-collections\3.2.1\commons-collections-3.2.1.jar;D:\Briup\MavenRepository\commons-lang\commons-lang\2.5\commons-lang-2.5.jar;D:\Briup\MavenRepository\commons-logging\commons-logging\1.1.1\commons-logging-1.1.1.jar;D:\Briup\MavenRepository\net\sf\ezmorph\ezmorph\1.0.6\ezmorph-1.0.6.jar;"/>
    <property name="java.vm.vendor" value="Oracle Corporation"/>
    <property name="sun.arch.data.model" value="64"/>
    <property name="user.variant" value=""/>
    <property name="java.vendor.url" value="https://java.oracle.com/"/>
    <property name="user.timezone" value="Asia/Shanghai"/>
    <property name="os.name" value="Windows 10"/>
    <property name="java.vm.specification.version" value="12"/>
    <property name="sun.java.launcher" value="SUN_STANDARD"/>
    <property name="user.country" value="CN"/>
    <property name="sun.boot.library.path" value="C:\Program Files\Java\jdk-12.0.1\bin"/>
    <property name="sun.java.command" value="C:\Users\SexLove\AppData\Local\Temp\surefire15625738073353159164\surefirebooter5032384264908375311.jar C:\Users\SexLove\AppData\Local\Temp\surefire15625738073353159164 2019-12-12T14-47-21_865-jvmRun1 surefire8293484067316527930tmp surefire_017473316346403891559tmp"/>
    <property name="jdk.debug" value="release"/>
    <property name="surefire.test.class.path" value="C:\Users\SexLove\Desktop\zhaopin\target\test-classes;C:\Users\SexLove\Desktop\zhaopin\target\classes;D:\Briup\MavenRepository\org\springframework\boot\spring-boot-starter-web\2.1.5.RELEASE\spring-boot-starter-web-2.1.5.RELEASE.jar;D:\Briup\MavenRepository\org\springframework\boot\spring-boot-starter\2.1.5.RELEASE\spring-boot-starter-2.1.5.RELEASE.jar;D:\Briup\MavenRepository\org\springframework\boot\spring-boot-starter-logging\2.1.5.RELEASE\spring-boot-starter-logging-2.1.5.RELEASE.jar;D:\Briup\MavenRepository\ch\qos\logback\logback-classic\1.2.3\logback-classic-1.2.3.jar;D:\Briup\MavenRepository\ch\qos\logback\logback-core\1.2.3\logback-core-1.2.3.jar;D:\Briup\MavenRepository\org\apache\logging\log4j\log4j-to-slf4j\2.11.2\log4j-to-slf4j-2.11.2.jar;D:\Briup\MavenRepository\org\apache\logging\log4j\log4j-api\2.11.2\log4j-api-2.11.2.jar;D:\Briup\MavenRepository\org\slf4j\jul-to-slf4j\1.7.26\jul-to-slf4j-1.7.26.jar;D:\Briup\MavenRepository\javax\annotation\javax.annotation-api\1.3.2\javax.annotation-api-1.3.2.jar;D:\Briup\MavenRepository\org\yaml\snakeyaml\1.23\snakeyaml-1.23.jar;D:\Briup\MavenRepository\org\springframework\boot\spring-boot-starter-json\2.1.5.RELEASE\spring-boot-starter-json-2.1.5.RELEASE.jar;D:\Briup\MavenRepository\com\fasterxml\jackson\core\jackson-databind\2.9.8\jackson-databind-2.9.8.jar;D:\Briup\MavenRepository\com\fasterxml\jackson\core\jackson-core\2.9.8\jackson-core-2.9.8.jar;D:\Briup\MavenRepository\com\fasterxml\jackson\datatype\jackson-datatype-jdk8\2.9.8\jackson-datatype-jdk8-2.9.8.jar;D:\Briup\MavenRepository\com\fasterxml\jackson\datatype\jackson-datatype-jsr310\2.9.8\jackson-datatype-jsr310-2.9.8.jar;D:\Briup\MavenRepository\com\fasterxml\jackson\module\jackson-module-parameter-names\2.9.8\jackson-module-parameter-names-2.9.8.jar;D:\Briup\MavenRepository\org\springframework\boot\spring-boot-starter-tomcat\2.1.5.RELEASE\spring-boot-starter-tomcat-2.1.5.RELEASE.jar;D:\Briup\MavenRepository\org\apache\tomcat\embed\tomcat-embed-core\9.0.19\tomcat-embed-core-9.0.19.jar;D:\Briup\MavenRepository\org\apache\tomcat\embed\tomcat-embed-el\9.0.19\tomcat-embed-el-9.0.19.jar;D:\Briup\MavenRepository\org\apache\tomcat\embed\tomcat-embed-websocket\9.0.19\tomcat-embed-websocket-9.0.19.jar;D:\Briup\MavenRepository\org\hibernate\validator\hibernate-validator\6.0.16.Final\hibernate-validator-6.0.16.Final.jar;D:\Briup\MavenRepository\javax\validation\validation-api\2.0.1.Final\validation-api-2.0.1.Final.jar;D:\Briup\MavenRepository\org\jboss\logging\jboss-logging\3.3.2.Final\jboss-logging-3.3.2.Final.jar;D:\Briup\MavenRepository\org\springframework\spring-web\5.1.7.RELEASE\spring-web-5.1.7.RELEASE.jar;D:\Briup\MavenRepository\org\springframework\spring-beans\5.1.7.RELEASE\spring-beans-5.1.7.RELEASE.jar;D:\Briup\MavenRepository\org\springframework\spring-webmvc\5.1.7.RELEASE\spring-webmvc-5.1.7.RELEASE.jar;D:\Briup\MavenRepository\org\springframework\spring-aop\5.1.7.RELEASE\spring-aop-5.1.7.RELEASE.jar;D:\Briup\MavenRepository\org\springframework\spring-context\5.1.7.RELEASE\spring-context-5.1.7.RELEASE.jar;D:\Briup\MavenRepository\org\springframework\spring-expression\5.1.7.RELEASE\spring-expression-5.1.7.RELEASE.jar;D:\Briup\MavenRepository\org\springframework\boot\spring-boot-devtools\2.1.5.RELEASE\spring-boot-devtools-2.1.5.RELEASE.jar;D:\Briup\MavenRepository\org\springframework\boot\spring-boot\2.1.5.RELEASE\spring-boot-2.1.5.RELEASE.jar;D:\Briup\MavenRepository\org\springframework\boot\spring-boot-autoconfigure\2.1.5.RELEASE\spring-boot-autoconfigure-2.1.5.RELEASE.jar;D:\Briup\MavenRepository\org\springframework\boot\spring-boot-starter-test\2.1.5.RELEASE\spring-boot-starter-test-2.1.5.RELEASE.jar;D:\Briup\MavenRepository\org\springframework\boot\spring-boot-test\2.1.5.RELEASE\spring-boot-test-2.1.5.RELEASE.jar;D:\Briup\MavenRepository\org\springframework\boot\spring-boot-test-autoconfigure\2.1.5.RELEASE\spring-boot-test-autoconfigure-2.1.5.RELEASE.jar;D:\Briup\MavenRepository\com\jayway\jsonpath\json-path\2.4.0\json-path-2.4.0.jar;D:\Briup\MavenRepository\net\minidev\json-smart\2.3\json-smart-2.3.jar;D:\Briup\MavenRepository\net\minidev\accessors-smart\1.2\accessors-smart-1.2.jar;D:\Briup\MavenRepository\org\ow2\asm\asm\5.0.4\asm-5.0.4.jar;D:\Briup\MavenRepository\junit\junit\4.12\junit-4.12.jar;D:\Briup\MavenRepository\org\assertj\assertj-core\3.11.1\assertj-core-3.11.1.jar;D:\Briup\MavenRepository\org\mockito\mockito-core\2.23.4\mockito-core-2.23.4.jar;D:\Briup\MavenRepository\net\bytebuddy\byte-buddy\1.9.12\byte-buddy-1.9.12.jar;D:\Briup\MavenRepository\net\bytebuddy\byte-buddy-agent\1.9.12\byte-buddy-agent-1.9.12.jar;D:\Briup\MavenRepository\org\objenesis\objenesis\2.6\objenesis-2.6.jar;D:\Briup\MavenRepository\org\hamcrest\hamcrest-core\1.3\hamcrest-core-1.3.jar;D:\Briup\MavenRepository\org\hamcrest\hamcrest-library\1.3\hamcrest-library-1.3.jar;D:\Briup\MavenRepository\org\skyscreamer\jsonassert\1.5.0\jsonassert-1.5.0.jar;D:\Briup\MavenRepository\org\springframework\spring-core\5.1.7.RELEASE\spring-core-5.1.7.RELEASE.jar;D:\Briup\MavenRepository\org\springframework\spring-jcl\5.1.7.RELEASE\spring-jcl-5.1.7.RELEASE.jar;D:\Briup\MavenRepository\org\springframework\spring-test\5.1.7.RELEASE\spring-test-5.1.7.RELEASE.jar;D:\Briup\MavenRepository\org\xmlunit\xmlunit-core\2.6.2\xmlunit-core-2.6.2.jar;D:\Briup\MavenRepository\javax\xml\bind\jaxb-api\2.3.1\jaxb-api-2.3.1.jar;D:\Briup\MavenRepository\javax\activation\javax.activation-api\1.2.0\javax.activation-api-1.2.0.jar;D:\Briup\MavenRepository\io\springfox\springfox-swagger2\2.6.1\springfox-swagger2-2.6.1.jar;D:\Briup\MavenRepository\io\swagger\swagger-annotations\1.5.10\swagger-annotations-1.5.10.jar;D:\Briup\MavenRepository\io\swagger\swagger-models\1.5.10\swagger-models-1.5.10.jar;D:\Briup\MavenRepository\com\fasterxml\jackson\core\jackson-annotations\2.9.0\jackson-annotations-2.9.0.jar;D:\Briup\MavenRepository\io\springfox\springfox-spi\2.6.1\springfox-spi-2.6.1.jar;D:\Briup\MavenRepository\io\springfox\springfox-core\2.6.1\springfox-core-2.6.1.jar;D:\Briup\MavenRepository\io\springfox\springfox-schema\2.6.1\springfox-schema-2.6.1.jar;D:\Briup\MavenRepository\io\springfox\springfox-swagger-common\2.6.1\springfox-swagger-common-2.6.1.jar;D:\Briup\MavenRepository\io\springfox\springfox-spring-web\2.6.1\springfox-spring-web-2.6.1.jar;D:\Briup\MavenRepository\com\google\guava\guava\18.0\guava-18.0.jar;D:\Briup\MavenRepository\com\fasterxml\classmate\1.4.0\classmate-1.4.0.jar;D:\Briup\MavenRepository\org\slf4j\slf4j-api\1.7.26\slf4j-api-1.7.26.jar;D:\Briup\MavenRepository\org\springframework\plugin\spring-plugin-core\1.2.0.RELEASE\spring-plugin-core-1.2.0.RELEASE.jar;D:\Briup\MavenRepository\org\springframework\plugin\spring-plugin-metadata\1.2.0.RELEASE\spring-plugin-metadata-1.2.0.RELEASE.jar;D:\Briup\MavenRepository\org\mapstruct\mapstruct\1.0.0.Final\mapstruct-1.0.0.Final.jar;D:\Briup\MavenRepository\io\springfox\springfox-swagger-ui\2.6.1\springfox-swagger-ui-2.6.1.jar;D:\Briup\MavenRepository\mysql\mysql-connector-java\8.0.16\mysql-connector-java-8.0.16.jar;D:\Briup\MavenRepository\org\mybatis\spring\boot\mybatis-spring-boot-starter\1.3.2\mybatis-spring-boot-starter-1.3.2.jar;D:\Briup\MavenRepository\org\springframework\boot\spring-boot-starter-jdbc\2.1.5.RELEASE\spring-boot-starter-jdbc-2.1.5.RELEASE.jar;D:\Briup\MavenRepository\com\zaxxer\HikariCP\3.2.0\HikariCP-3.2.0.jar;D:\Briup\MavenRepository\org\springframework\spring-jdbc\5.1.7.RELEASE\spring-jdbc-5.1.7.RELEASE.jar;D:\Briup\MavenRepository\org\springframework\spring-tx\5.1.7.RELEASE\spring-tx-5.1.7.RELEASE.jar;D:\Briup\MavenRepository\org\mybatis\spring\boot\mybatis-spring-boot-autoconfigure\1.3.2\mybatis-spring-boot-autoconfigure-1.3.2.jar;D:\Briup\MavenRepository\org\mybatis\mybatis\3.4.6\mybatis-3.4.6.jar;D:\Briup\MavenRepository\org\mybatis\mybatis-spring\1.3.2\mybatis-spring-1.3.2.jar;D:\Briup\MavenRepository\com\vaadin\external\google\android-json\0.0.20131108.vaadin1\android-json-0.0.20131108.vaadin1.jar;D:\Briup\MavenRepository\net\sf\json-lib\json-lib\2.4\json-lib-2.4-jdk15.jar;D:\Briup\MavenRepository\commons-beanutils\commons-beanutils\1.8.0\commons-beanutils-1.8.0.jar;D:\Briup\MavenRepository\commons-collections\commons-collections\3.2.1\commons-collections-3.2.1.jar;D:\Briup\MavenRepository\commons-lang\commons-lang\2.5\commons-lang-2.5.jar;D:\Briup\MavenRepository\commons-logging\commons-logging\1.1.1\commons-logging-1.1.1.jar;D:\Briup\MavenRepository\net\sf\ezmorph\ezmorph\1.0.6\ezmorph-1.0.6.jar;"/>
    <property name="sun.cpu.endian" value="little"/>
    <property name="user.home" value="C:\Users\SexLove"/>
    <property name="user.language" value="zh"/>
    <property name="java.specification.vendor" value="Oracle Corporation"/>
    <property name="java.version.date" value="2019-04-16"/>
    <property name="java.home" value="C:\Program Files\Java\jdk-12.0.1"/>
    <property name="file.separator" value="\"/>
    <property name="basedir" value="C:\Users\SexLove\Desktop\zhaopin"/>
    <property name="java.vm.compressedOopsMode" value="32-bit"/>
    <property name="line.separator" value="&#10;"/>
    <property name="java.vm.specification.vendor" value="Oracle Corporation"/>
    <property name="java.specification.name" value="Java Platform API Specification"/>
    <property name="java.awt.graphicsenv" value="sun.awt.Win32GraphicsEnvironment"/>
    <property name="surefire.real.class.path" value="C:\Users\SexLove\AppData\Local\Temp\surefire15625738073353159164\surefirebooter5032384264908375311.jar"/>
    <property name="user.script" value=""/>
    <property name="sun.management.compiler" value="HotSpot 64-Bit Tiered Compilers"/>
    <property name="java.runtime.version" value="12.0.1+12"/>
    <property name="user.name" value="SexLove"/>
    <property name="path.separator" value=";"/>
    <property name="os.version" value="10.0"/>
    <property name="java.runtime.name" value="Java(TM) SE Runtime Environment"/>
    <property name="file.encoding" value="GBK"/>
    <property name="java.vm.name" value="Java HotSpot(TM) 64-Bit Server VM"/>
    <property name="localRepository" value="D:\Briup\MavenRepository"/>
    <property name="java.vendor.url.bug" value="https://bugreport.java.com/bugreport/"/>
    <property name="java.io.tmpdir" value="C:\Users\SexLove\AppData\Local\Temp\"/>
    <property name="java.version" value="12.0.1"/>
    <property name="user.dir" value="C:\Users\SexLove\Desktop\zhaopin"/>
    <property name="os.arch" value="amd64"/>
    <property name="java.vm.specification.name" value="Java Virtual Machine Specification"/>
    <property name="sun.os.patch.level" value=""/>
    <property name="java.library.path" value="C:\Program Files\Java\jdk-12.0.1\bin;C:\Windows\Sun\Java\bin;C:\Windows\system32;C:\Windows;C:\Program Files\Python37\Scripts\;C:\Program Files\Python37\;C:\Program Files (x86)\Intel\iCLS Client\;C:\Program Files\Intel\iCLS Client\;C:\Windows\system32;C:\Windows;C:\Windows\System32\Wbem;C:\Windows\System32\WindowsPowerShell\v1.0\;C:\Windows\System32\OpenSSH\;C:\Program Files (x86)\Intel\Intel(R) Management Engine Components\DAL;C:\Program Files\Intel\Intel(R) Management Engine Components\DAL;C:\Program Files (x86)\Intel\Intel(R) Management Engine Components\IPT;C:\Program Files\Intel\Intel(R) Management Engine Components\IPT;C:\Program Files (x86)\NVIDIA Corporation\PhysX\Common;C:\Program Files\Java\jdk-12.0.1\bin;C:\Program Files\Java\jdk-12.0.1\jre\bin;F:\web\mysql-5.7.27&#10;\bin;F:\SQl\110\DTS\Binn\;F:\sql1\110\Tools\Binn\;F:\SQl\110\Tools\Binn\;F:\sql1\110\Tools\Binn\ManagementStudio\;C:\Program Files (x86)\Microsoft Visual Studio 10.0\Common7\IDE\PrivateAssemblies\;F:\sql1\110\DTS\Binn\;?C:\Program Files\MySQL\MySQL Server 5.7\bin;D:\Briup\nodejs\;D:\Briup\Git\cmd;D:\Briup\apache-maven-3.3.9\bin;D:\Briup\MySQL\bin;C:\Program Files\MySQL\MySQL Shell 8.0\bin\;C:\Program Files\JetBrains\WebStorm 2019.1\bin;;?C:\Program Files\MySQL\MySQL Server 5.7\bin;C:\Users\SexLove\AppData\Roaming\npm;D:\Briup\Microsoft VS Code\bin;D:\Briup\MySQL\bin;;."/>
    <property name="java.vm.info" value="mixed mode, sharing"/>
    <property name="java.vendor" value="Oracle Corporation"/>
    <property name="java.vm.version" value="12.0.1+12"/>
    <property name="sun.io.unicode.encoding" value="UnicodeLittle"/>
    <property name="java.class.version" value="56.0"/>
  </properties>
  <testcase name="contextLoads" classname="com.briup.apps.zhaopin.ZhaopinApplicationTests" time="0.981"/>
</testsuite>